2026-03-20 18:40:19 [[32minfo[39m]: [32mWorkSure Mobile API running at http://localhost:3001[39m
2026-03-20 18:40:19 [[32minfo[39m]: [32mEnvironment: development[39m
2026-03-20 18:41:11 [[35mhttp[39m]: [35mGET /health 200 148 - 5.886 ms[39m
2026-03-20 18:48:28 [[32minfo[39m]: [32mWorkSure Mobile API running at http://localhost:3001[39m
2026-03-20 18:48:28 [[32minfo[39m]: [32mEnvironment: development[39m
2026-03-20 18:48:43 [[35mhttp[39m]: [35mPOST /api/v1/profile 201 273 - 7.470 ms[39m
2026-03-20 18:49:24 [[35mhttp[39m]: [35mGET /api/v1/profile/usr_000001 200 275 - 1.549 ms[39m
2026-03-20 18:49:31 [[35mhttp[39m]: [35mGET /api/v1/profile/usr_999999 404 58 - 0.571 ms[39m
2026-03-20 20:57:40 [[32minfo[39m]: [32m🌱 Seeding development data...[39m
2026-03-20 20:57:40 [[32minfo[39m]: [32m✅ Created 5 sample profiles[39m
2026-03-20 20:57:48 [[32minfo[39m]: [32m✅ Created wallets and transactions for 5 users[39m
2026-03-20 20:58:28 [[32minfo[39m]: [32m🌱 Seeding development data...[39m
2026-03-20 20:58:29 [[32minfo[39m]: [32m✅ Created 5 sample profiles[39m
2026-03-20 20:58:36 [[32minfo[39m]: [32m✅ Created wallets and transactions for 5 users[39m
2026-03-20 20:59:14 [[32minfo[39m]: [32m🌱 Seeding development data...[39m
2026-03-20 20:59:15 [[32minfo[39m]: [32m✅ Created 5 sample profiles[39m
2026-03-20 20:59:23 [[32minfo[39m]: [32m✅ Created wallets and transactions for 5 users[39m
2026-03-20 20:59:23 [[32minfo[39m]: [32m✅ Created 3 sample claims[39m
2026-03-20 20:59:23 [[32minfo[39m]: [32m🎉 Development data seeding completed successfully![39m
2026-03-20 21:12:18 [[32minfo[39m]: [32mWorkSure Mobile API running at http://localhost:3001[39m
2026-03-20 21:12:18 [[32minfo[39m]: [32mEnvironment: development[39m
2026-03-20 21:12:53 [[35mhttp[39m]: [35mOPTIONS /api/v1/profile 200 4 - 14.764 ms[39m
2026-03-20 21:13:42 [[35mhttp[39m]: [35mOPTIONS /api/v1/weather/monitoring?city=Velachery,%20Chennai 200 8 - 1.087 ms[39m
2026-03-20 21:13:42 [[35mhttp[39m]: [35mOPTIONS /api/v1/claims/history?userId=demo_user_fjh5g8b 404 164 - 3.824 ms[39m
2026-03-20 21:13:50 [[35mhttp[39m]: [35mOPTIONS /api/v1/claims/history?userId=demo_user_fjh5g8b 404 164 - 0.697 ms[39m
2026-03-20 21:13:52 [[35mhttp[39m]: [35mOPTIONS /api/v1/wallet/balance?userId=demo_user_fjh5g8b 404 164 - 0.762 ms[39m
2026-03-20 21:13:52 [[35mhttp[39m]: [35mOPTIONS /api/v1/wallet/transactions?userId=demo_user_fjh5g8b 404 169 - 0.848 ms[39m
2026-03-20 21:14:02 [[35mhttp[39m]: [35mOPTIONS /api/v1/wallet/topup 404 162 - 0.464 ms[39m
2026-03-20 21:14:07 [[35mhttp[39m]: [35mOPTIONS /api/v1/admin/policies?userId=demo_user_fjh5g8b 404 164 - 0.515 ms[39m
2026-03-20 21:14:32 [[35mhttp[39m]: [35mOPTIONS /api/v1/weather/monitoring?city=Velachery,%20Chennai 200 8 - 0.712 ms[39m
2026-03-20 21:14:32 [[35mhttp[39m]: [35mOPTIONS /api/v1/claims/history?userId=demo_user_fjh5g8b 404 164 - 0.536 ms[39m
2026-03-20 21:14:37 [[35mhttp[39m]: [35mOPTIONS /api/v1/claims/history?userId=demo_user_fjh5g8b 404 164 - 0.783 ms[39m
2026-03-20 21:14:38 [[35mhttp[39m]: [35mOPTIONS /api/v1/wallet/balance?userId=demo_user_fjh5g8b 404 164 - 7.246 ms[39m
2026-03-20 21:14:38 [[35mhttp[39m]: [35mOPTIONS /api/v1/wallet/transactions?userId=demo_user_fjh5g8b 404 169 - 2.872 ms[39m
2026-03-20 21:14:39 [[35mhttp[39m]: [35mOPTIONS /api/v1/admin/policies?userId=demo_user_fjh5g8b 404 164 - 0.525 ms[39m
2026-03-20 21:14:41 [[35mhttp[39m]: [35mOPTIONS /api/v1/admin/policies?userId=demo_user_fjh5g8b 404 164 - 0.364 ms[39m
2026-03-20 21:14:43 [[35mhttp[39m]: [35mOPTIONS /api/v1/wallet/balance?userId=demo_user_fjh5g8b 404 164 - 0.516 ms[39m
2026-03-20 21:14:43 [[35mhttp[39m]: [35mOPTIONS /api/v1/wallet/transactions?userId=demo_user_fjh5g8b 404 169 - 0.468 ms[39m
2026-03-20 21:14:43 [[35mhttp[39m]: [35mOPTIONS /api/v1/claims/history?userId=demo_user_fjh5g8b 404 164 - 0.635 ms[39m
2026-03-20 21:15:16 [[35mhttp[39m]: [35mOPTIONS /api/v1/wallet/balance?userId=demo_user_fjh5g8b 404 164 - 0.736 ms[39m
2026-03-20 21:15:16 [[35mhttp[39m]: [35mOPTIONS /api/v1/wallet/transactions?userId=demo_user_fjh5g8b 404 169 - 1.849 ms[39m
2026-03-20 21:15:17 [[35mhttp[39m]: [35mOPTIONS /api/v1/admin/policies?userId=demo_user_fjh5g8b 404 164 - 0.685 ms[39m
2026-03-20 21:15:26 [[35mhttp[39m]: [35mOPTIONS /api/v1/admin/policies?userId=demo_user_fjh5g8b 404 164 - 0.294 ms[39m
2026-03-20 21:15:53 [[35mhttp[39m]: [35mOPTIONS /api/v1/weather/monitoring?city=Velachery,%20Chennai 200 8 - 1.516 ms[39m
2026-03-20 21:15:53 [[35mhttp[39m]: [35mOPTIONS /api/v1/claims/history?userId=demo_user_fjh5g8b 404 164 - 0.911 ms[39m
2026-03-20 21:15:59 [[35mhttp[39m]: [35mOPTIONS /api/v1/claims/history?userId=demo_user_fjh5g8b 404 164 - 0.444 ms[39m
2026-03-20 21:16:00 [[35mhttp[39m]: [35mOPTIONS /api/v1/wallet/balance?userId=demo_user_fjh5g8b 404 164 - 0.726 ms[39m
2026-03-20 21:16:00 [[35mhttp[39m]: [35mOPTIONS /api/v1/wallet/transactions?userId=demo_user_fjh5g8b 404 169 - 0.781 ms[39m
2026-03-20 21:16:01 [[35mhttp[39m]: [35mOPTIONS /api/v1/admin/policies?userId=demo_user_fjh5g8b 404 164 - 0.567 ms[39m
2026-03-20 21:16:26 [[35mhttp[39m]: [35mOPTIONS /api/v1/admin/policies?userId=demo_user_fjh5g8b 404 164 - 0.625 ms[39m
2026-03-20 21:16:26 [[35mhttp[39m]: [35mOPTIONS /api/v1/wallet/balance?userId=demo_user_fjh5g8b 404 164 - 0.399 ms[39m
2026-03-20 21:16:26 [[35mhttp[39m]: [35mOPTIONS /api/v1/wallet/transactions?userId=demo_user_fjh5g8b 404 169 - 0.864 ms[39m
2026-03-20 21:16:27 [[35mhttp[39m]: [35mOPTIONS /api/v1/admin/policies?userId=demo_user_fjh5g8b 404 164 - 0.499 ms[39m
2026-03-20 21:16:52 [[35mhttp[39m]: [35mOPTIONS /api/v1/weather/monitoring?city=Velachery,%20Chennai 200 8 - 1.027 ms[39m
2026-03-20 21:16:52 [[35mhttp[39m]: [35mOPTIONS /api/v1/claims/history?userId=demo_user_fjh5g8b 404 164 - 0.825 ms[39m
2026-03-20 21:16:55 [[35mhttp[39m]: [35mOPTIONS /api/v1/claims/history?userId=demo_user_fjh5g8b 404 164 - 0.545 ms[39m
2026-03-20 21:16:56 [[35mhttp[39m]: [35mOPTIONS /api/v1/wallet/balance?userId=demo_user_fjh5g8b 404 164 - 0.569 ms[39m
2026-03-20 21:16:56 [[35mhttp[39m]: [35mOPTIONS /api/v1/wallet/transactions?userId=demo_user_fjh5g8b 404 169 - 0.474 ms[39m
2026-03-20 21:16:56 [[35mhttp[39m]: [35mOPTIONS /api/v1/admin/policies?userId=demo_user_fjh5g8b 404 164 - 0.463 ms[39m
2026-03-20 21:16:59 [[35mhttp[39m]: [35mOPTIONS /api/v1/admin/policies?userId=demo_user_fjh5g8b 404 164 - 0.532 ms[39m
2026-03-20 21:19:11 [[32minfo[39m]: [32m🌱 Seeding rich development data...[39m
2026-03-20 21:19:11 [[35mhttp[39m]: [35mOPTIONS /api/v1/wallet/balance?userId=demo_user_fjh5g8b 404 164 - 2.481 ms[39m
2026-03-20 21:19:11 [[35mhttp[39m]: [35mOPTIONS /api/v1/wallet/transactions?userId=demo_user_fjh5g8b 404 169 - 3.287 ms[39m
2026-03-20 21:19:12 [[32minfo[39m]: [32m✅ Created 4 sample profiles[39m
2026-03-20 21:19:12 [[35mhttp[39m]: [35mOPTIONS /api/v1/claims/history?userId=demo_user_fjh5g8b 404 164 - 0.535 ms[39m
2026-03-20 21:19:13 [[35mhttp[39m]: [35mOPTIONS /api/v1/wallet/balance?userId=demo_user_fjh5g8b 404 164 - 0.492 ms[39m
2026-03-20 21:19:13 [[35mhttp[39m]: [35mOPTIONS /api/v1/wallet/transactions?userId=demo_user_fjh5g8b 404 169 - 0.815 ms[39m
2026-03-20 21:19:14 [[35mhttp[39m]: [35mOPTIONS /api/v1/admin/policies?userId=demo_user_fjh5g8b 404 164 - 0.788 ms[39m
2026-03-20 21:19:15 [[35mhttp[39m]: [35mOPTIONS /api/v1/admin/policies?userId=demo_user_fjh5g8b 404 164 - 0.363 ms[39m
2026-03-20 21:19:31 [[32minfo[39m]: [32m✅ Created rich transaction history for 4 users[39m
2026-03-20 21:19:33 [[32minfo[39m]: [32m✅ Created 20+ sample claims across the last 30 days[39m
2026-03-20 21:19:33 [[32minfo[39m]: [32m🎉 Rich development data seeding completed successfully![39m
2026-03-20 21:21:20 [[35mhttp[39m]: [35mOPTIONS /api/v1/wallet/balance?userId=demo_user_fjh5g8b 404 164 - 0.476 ms[39m
2026-03-20 21:21:20 [[35mhttp[39m]: [35mOPTIONS /api/v1/wallet/transactions?userId=demo_user_fjh5g8b 404 169 - 0.731 ms[39m
2026-03-20 21:21:21 [[35mhttp[39m]: [35mOPTIONS /api/v1/claims/history?userId=demo_user_fjh5g8b 404 164 - 0.368 ms[39m
2026-03-20 21:21:22 [[35mhttp[39m]: [35mOPTIONS /api/v1/wallet/balance?userId=demo_user_fjh5g8b 404 164 - 0.373 ms[39m
2026-03-20 21:21:22 [[35mhttp[39m]: [35mOPTIONS /api/v1/wallet/transactions?userId=demo_user_fjh5g8b 404 169 - 1.372 ms[39m
2026-03-20 21:22:18 [[35mhttp[39m]: [35mOPTIONS /api/v1/claims/history?userId=demo_user_fjh5g8b 404 164 - 0.507 ms[39m
2026-03-20 21:22:23 [[35mhttp[39m]: [35mOPTIONS /api/v1/wallet/balance?userId=demo_user_fjh5g8b 404 164 - 0.383 ms[39m
2026-03-20 21:22:23 [[35mhttp[39m]: [35mOPTIONS /api/v1/wallet/transactions?userId=demo_user_fjh5g8b 404 169 - 1.763 ms[39m
2026-03-20 21:22:44 [[35mhttp[39m]: [35mOPTIONS /api/v1/claims/history?userId=demo_user_fjh5g8b 404 164 - 0.427 ms[39m
2026-03-20 21:22:47 [[35mhttp[39m]: [35mOPTIONS /api/v1/claims/history?userId=demo_user_fjh5g8b 404 164 - 1.788 ms[39m
2026-03-20 21:22:48 [[35mhttp[39m]: [35mOPTIONS /api/v1/wallet/balance?userId=demo_user_fjh5g8b 404 164 - 0.646 ms[39m
2026-03-20 21:22:48 [[35mhttp[39m]: [35mOPTIONS /api/v1/wallet/transactions?userId=demo_user_fjh5g8b 404 169 - 4.039 ms[39m
2026-03-20 21:22:49 [[35mhttp[39m]: [35mOPTIONS /api/v1/admin/policies?userId=demo_user_fjh5g8b 404 164 - 0.306 ms[39m
2026-03-20 21:22:55 [[32minfo[39m]: [32m🧹 Cleaning existing development data...[39m
2026-03-20 21:22:56 [[32minfo[39m]: [32m🌱 Seeding rich development data...[39m
2026-03-20 21:22:56 [[32minfo[39m]: [32m✅ Created 4 sample profiles[39m
2026-03-20 21:23:18 [[32minfo[39m]: [32m✅ Created 60 transactions across users[39m
2026-03-20 21:23:25 [[32minfo[39m]: [32m✅ Created 24 sample claims[39m
2026-03-20 21:23:25 [[32minfo[39m]: [32m🎉 Enriched development data seeding completed successfully![39m
2026-03-20 21:23:34 [[35mhttp[39m]: [35mOPTIONS /api/v1/claims/history?userId=demo_user_fjh5g8b 404 164 - 0.562 ms[39m
2026-03-20 21:23:58 [[35mhttp[39m]: [35mOPTIONS /api/v1/claims/history?userId=demo_user_fjh5g8b 404 164 - 0.463 ms[39m
2026-03-20 21:24:00 [[35mhttp[39m]: [35mOPTIONS /api/v1/wallet/balance?userId=demo_user_fjh5g8b 404 164 - 0.586 ms[39m
2026-03-20 21:24:00 [[35mhttp[39m]: [35mOPTIONS /api/v1/wallet/transactions?userId=demo_user_fjh5g8b 404 169 - 1.911 ms[39m
2026-03-20 21:24:00 [[35mhttp[39m]: [35mOPTIONS /api/v1/admin/policies?userId=demo_user_fjh5g8b 404 164 - 0.354 ms[39m
2026-03-20 21:24:02 [[35mhttp[39m]: [35mOPTIONS /api/v1/admin/policies?userId=demo_user_fjh5g8b 404 164 - 0.534 ms[39m
2026-03-20 21:24:28 [[35mhttp[39m]: [35mOPTIONS /api/v1/weather/monitoring?city=Velachery,%20Chennai 200 8 - 7.603 ms[39m
2026-03-20 21:24:28 [[35mhttp[39m]: [35mOPTIONS /api/v1/claims/history?userId=demo_user_fjh5g8b 404 164 - 0.377 ms[39m
2026-03-20 21:24:36 [[35mhttp[39m]: [35mOPTIONS /api/v1/claims/history?userId=demo_user_fjh5g8b 404 164 - 0.972 ms[39m
2026-03-20 21:24:37 [[35mhttp[39m]: [35mOPTIONS /api/v1/wallet/balance?userId=demo_user_fjh5g8b 404 164 - 0.552 ms[39m
2026-03-20 21:24:37 [[35mhttp[39m]: [35mOPTIONS /api/v1/wallet/transactions?userId=demo_user_fjh5g8b 404 169 - 1.141 ms[39m
2026-03-20 21:24:46 [[35mhttp[39m]: [35mOPTIONS /api/v1/wallet/balance?userId=demo_user_fjh5g8b 404 164 - 0.413 ms[39m
2026-03-20 21:24:46 [[35mhttp[39m]: [35mOPTIONS /api/v1/wallet/transactions?userId=demo_user_fjh5g8b 404 169 - 0.269 ms[39m
2026-03-20 21:24:47 [[35mhttp[39m]: [35mOPTIONS /api/v1/claims/history?userId=demo_user_fjh5g8b 404 164 - 0.294 ms[39m
2026-03-20 21:26:01 [[35mhttp[39m]: [35mOPTIONS /api/v1/weather/monitoring?city=Velachery,%20Chennai 200 8 - 2.364 ms[39m
2026-03-20 21:26:01 [[35mhttp[39m]: [35mOPTIONS /api/v1/claims/history?userId=demo_user_fjh5g8b 404 164 - 0.344 ms[39m
2026-03-20 21:26:02 [[32minfo[39m]: [32m🧹 Cleaning existing development data...[39m
2026-03-20 21:26:03 [[32minfo[39m]: [32m🌱 Seeding rich development data...[39m
2026-03-20 21:26:03 [[32minfo[39m]: [32m✅ Created 4 sample profiles[39m
2026-03-20 21:26:37 [[35mhttp[39m]: [35mOPTIONS /api/v1/weather/monitoring?city=Velachery,%20Chennai 200 8 - 0.496 ms[39m
2026-03-20 21:26:37 [[35mhttp[39m]: [35mOPTIONS /api/v1/claims/history?userId=demo_user_fjh5g8b 404 164 - 0.445 ms[39m
2026-03-20 21:26:59 [[32minfo[39m]: [32m🧹 Cleaning existing development data...[39m
2026-03-20 21:27:00 [[32minfo[39m]: [32m🌱 Seeding rich development data...[39m
2026-03-20 21:27:01 [[32minfo[39m]: [32m✅ Created 4 sample profiles[39m
2026-03-20 21:28:25 [[32minfo[39m]: [32m🧹 Cleaning existing development data...[39m
2026-03-20 21:28:25 [[32minfo[39m]: [32m🌱 Seeding rich development data...[39m
2026-03-20 21:28:26 [[32minfo[39m]: [32m✅ Created 4 sample profiles[39m
2026-03-20 21:28:53 [[32minfo[39m]: [32m🧹 Cleaning existing development data...[39m
2026-03-20 21:28:53 [[32minfo[39m]: [32m🌱 Seeding rich development data...[39m
2026-03-20 21:28:54 [[32minfo[39m]: [32m✅ Created 4 sample profiles[39m
2026-03-20 21:31:12 [[35mhttp[39m]: [35mOPTIONS /api/v1/claims/history?userId=demo_user_fjh5g8b 404 164 - 5.319 ms[39m
2026-03-20 21:31:36 [[35mhttp[39m]: [35mOPTIONS /api/v1/claims/history?userId=demo_user_fjh5g8b 404 164 - 1.989 ms[39m
2026-03-20 21:31:37 [[35mhttp[39m]: [35mOPTIONS /api/v1/wallet/balance?userId=demo_user_fjh5g8b 404 164 - 0.391 ms[39m
2026-03-20 21:31:37 [[35mhttp[39m]: [35mOPTIONS /api/v1/wallet/transactions?userId=demo_user_fjh5g8b 404 169 - 1.354 ms[39m
2026-03-20 21:31:44 [[35mhttp[39m]: [35mOPTIONS /api/v1/wallet/topup 404 162 - 10.149 ms[39m
2026-03-20 21:31:51 [[35mhttp[39m]: [35mOPTIONS /api/v1/admin/policies?userId=demo_user_fjh5g8b 404 164 - 0.320 ms[39m
2026-03-20 21:31:56 [[35mhttp[39m]: [35mOPTIONS /api/v1/weather/monitoring?city=Velachery,%20Chennai 200 8 - 4.713 ms[39m
2026-03-20 21:31:56 [[35mhttp[39m]: [35mOPTIONS /api/v1/claims/history?userId=demo_user_fjh5g8b 404 164 - 0.856 ms[39m
2026-03-20 21:31:57 [[35mhttp[39m]: [35mOPTIONS /api/v1/admin/policies?userId=demo_user_fjh5g8b 404 164 - 1.234 ms[39m
2026-03-20 21:31:59 [[35mhttp[39m]: [35mOPTIONS /api/v1/wallet/balance?userId=demo_user_fjh5g8b 404 164 - 0.993 ms[39m
2026-03-20 21:31:59 [[35mhttp[39m]: [35mOPTIONS /api/v1/wallet/transactions?userId=demo_user_fjh5g8b 404 169 - 0.779 ms[39m
2026-03-20 21:32:00 [[35mhttp[39m]: [35mOPTIONS /api/v1/claims/history?userId=demo_user_fjh5g8b 404 164 - 0.476 ms[39m
2026-03-20 21:33:12 [[35mhttp[39m]: [35mGET /health 200 150 - 36.761 ms[39m
2026-03-20 21:35:44 [[35mhttp[39m]: [35mGET /health 200 150 - 26.858 ms[39m
2026-03-20 21:39:12 [[35mhttp[39m]: [35mGET /health 200 149 - 27.025 ms[39m
2026-03-20 21:39:44 [[35mhttp[39m]: [35mOPTIONS /api/v1/claims/history?userId=demo_user_fjh5g8b 404 164 - 5.042 ms[39m
2026-03-20 21:39:45 [[35mhttp[39m]: [35mOPTIONS /api/v1/wallet/balance?userId=demo_user_fjh5g8b 404 164 - 0.274 ms[39m
2026-03-20 21:39:45 [[35mhttp[39m]: [35mOPTIONS /api/v1/wallet/transactions?userId=demo_user_fjh5g8b 404 169 - 1.465 ms[39m
2026-03-20 21:39:46 [[35mhttp[39m]: [35mOPTIONS /api/v1/claims/history?userId=demo_user_fjh5g8b 404 164 - 0.447 ms[39m
2026-03-20 21:39:48 [[35mhttp[39m]: [35mOPTIONS /api/v1/claims/history?userId=demo_user_fjh5g8b 404 164 - 0.338 ms[39m
2026-03-20 21:39:49 [[35mhttp[39m]: [35mOPTIONS /api/v1/wallet/balance?userId=demo_user_fjh5g8b 404 164 - 0.414 ms[39m
2026-03-20 21:39:49 [[35mhttp[39m]: [35mOPTIONS /api/v1/wallet/transactions?userId=demo_user_fjh5g8b 404 169 - 0.557 ms[39m
2026-03-20 21:39:51 [[35mhttp[39m]: [35mOPTIONS /api/v1/admin/policies?userId=demo_user_fjh5g8b 404 164 - 0.250 ms[39m
